<?xml version="1.0" encoding="UTF-8"?>
<!-- Generated by org.testng.reporters.JUnitReportReporter -->
<testsuite hostname="vamshi" failures="0" tests="1" name="CrudOperationsWithBDDApproach.CreateProject" time="3.074" errors="0" timestamp="2022-11-07T11:14:34 IST" skipped="0">
  <testcase classname="CrudOperationsWithBDDApproach.CreateProject" name="createProject" time="3.074"/>
  <system-out/>
</testsuite> <!-- CrudOperationsWithBDDApproach.CreateProject -->
