<?xml version="1.0" encoding="UTF-8"?>
<!-- Generated by org.testng.reporters.JUnitReportReporter -->
<testsuite hostname="vamshi" failures="0" tests="1" name="CrudOperationsWithOutBddApproach.DeleteProjectTest" time="2.476" errors="0" timestamp="2022-11-04T16:09:04 IST" skipped="0">
  <testcase classname="CrudOperationsWithOutBddApproach.DeleteProjectTest" name="deleteProjectTest" time="2.476"/>
  <system-out/>
</testsuite> <!-- CrudOperationsWithOutBddApproach.DeleteProjectTest -->
