<?xml version="1.0" encoding="UTF-8"?>
<!-- Generated by org.testng.reporters.JUnitReportReporter -->
<testsuite hostname="vamshi" failures="0" tests="1" name="CrudOperationsWithOutBddApproach.GetSingleProject" time="2.777" errors="0" timestamp="2022-11-04T15:38:36 IST" skipped="0">
  <testcase classname="CrudOperationsWithOutBddApproach.GetSingleProject" name="getOneProject" time="2.777"/>
  <system-out/>
</testsuite> <!-- CrudOperationsWithOutBddApproach.GetSingleProject -->
