<?xml version="1.0" encoding="UTF-8"?>
<!-- Generated by org.testng.reporters.JUnitReportReporter -->
<testsuite hostname="vamshi" failures="0" tests="1" name="SerialisationAndDeserialisation.SerialisationOfEmployeeDetailsTest" time="0.282" errors="0" timestamp="2022-11-03T16:17:20 IST" skipped="0">
  <testcase classname="SerialisationAndDeserialisation.SerialisationOfEmployeeDetailsTest" name="serialisationOfEmployeeDetailswithArrayAndString" time="0.282"/>
  <system-out/>
</testsuite> <!-- SerialisationAndDeserialisation.SerialisationOfEmployeeDetailsTest -->
