<?xml version="1.0" encoding="UTF-8"?>
<!-- Generated by org.testng.reporters.JUnitReportReporter -->
<testsuite hostname="vamshi" failures="0" tests="1" name="CrudOperationsWithOutBddApproach.GetProjectTest" time="4.246" errors="0" timestamp="2022-11-04T15:36:05 IST" skipped="0">
  <testcase classname="CrudOperationsWithOutBddApproach.GetProjectTest" name="getProject" time="4.246"/>
  <system-out/>
</testsuite> <!-- CrudOperationsWithOutBddApproach.GetProjectTest -->
