<?xml version="1.0" encoding="UTF-8"?>
<!-- Generated by org.testng.reporters.JUnitReportReporter -->
<testsuite hostname="vamshi" failures="0" tests="1" name="CrudOperationsWithOutBddApproach.AddProjectTest" time="2.970" errors="0" timestamp="2022-11-04T15:57:48 IST" skipped="0">
  <testcase classname="CrudOperationsWithOutBddApproach.AddProjectTest" name="addProject" time="2.970"/>
  <system-out/>
</testsuite> <!-- CrudOperationsWithOutBddApproach.AddProjectTest -->
