<?xml version="1.0" encoding="UTF-8"?>
<!-- Generated by org.testng.reporters.JUnitReportReporter -->
<testsuite hostname="vamshi" failures="0" tests="1" name="SerialisationAndDeserialisation.DeSerialisationOfEmployeeDetailsTest" time="0.279" errors="0" timestamp="2022-11-19T14:08:15 IST" skipped="0">
  <testcase classname="SerialisationAndDeserialisation.DeSerialisationOfEmployeeDetailsTest" name="deSerialisationOfEmployeeDetails" time="0.279"/>
  <system-out/>
</testsuite> <!-- SerialisationAndDeserialisation.DeSerialisationOfEmployeeDetailsTest -->
