<?xml version="1.0" encoding="UTF-8"?>
<!-- Generated by org.testng.reporters.JUnitReportReporter -->
<testsuite hostname="vamshi" failures="0" tests="1" name="CrudOperationsWithOutBddApproach.AddProject1" time="2.794" errors="0" timestamp="2022-11-04T16:31:56 IST" skipped="0">
  <testcase classname="CrudOperationsWithOutBddApproach.AddProject1" name="addProject" time="2.794"/>
  <system-out/>
</testsuite> <!-- CrudOperationsWithOutBddApproach.AddProject1 -->
