<?xml version="1.0" encoding="UTF-8"?>
<!-- Generated by org.testng.reporters.JUnitReportReporter -->
<testsuite hostname="vamshi" failures="0" tests="1" name="CrudOperationsWithOutBddApproach.PutProjectTest" time="2.797" errors="0" timestamp="2022-11-04T15:58:32 IST" skipped="0">
  <testcase classname="CrudOperationsWithOutBddApproach.PutProjectTest" name="putProject" time="2.797"/>
  <system-out/>
</testsuite> <!-- CrudOperationsWithOutBddApproach.PutProjectTest -->
